<?xml version="1.0" encoding="UTF-8"?>
<testng-results ignored="0" total="2" passed="2" failed="0" skipped="0">
  <reporter-output>
  </reporter-output>
  <suite started-at="2024-07-09T23:59:10 IST" name="Suite" finished-at="2024-07-09T23:59:28 IST" duration-ms="17773">
    <groups>
    </groups>
    <test started-at="2024-07-09T23:59:10 IST" name="TestOnChrome" finished-at="2024-07-09T23:59:24 IST" duration-ms="13739">
      <class name="testsuite.heroku">
        <test-method is-config="true" signature="setup(java.lang.String)[pri:0, instance:testsuite.heroku@783a467b]" started-at="2024-07-09T23:59:10 IST" name="setup" finished-at="2024-07-09T23:59:13 IST" duration-ms="2779" status="PASS">
          <params>
            <param index="0">
              <value>
                <![CDATA[chrome]]>
              </value>
            </param>
          </params>
          <reporter-output>
          </reporter-output>
        </test-method> <!-- setup -->
        <test-method signature="login()[pri:0, instance:testsuite.heroku@783a467b]" started-at="2024-07-09T23:59:13 IST" name="login" finished-at="2024-07-09T23:59:23 IST" duration-ms="10258" status="PASS">
          <reporter-output>
          </reporter-output>
        </test-method> <!-- login -->
        <test-method is-config="true" signature="close()[pri:0, instance:testsuite.heroku@783a467b]" started-at="2024-07-09T23:59:23 IST" name="close" finished-at="2024-07-09T23:59:24 IST" duration-ms="659" status="PASS">
          <reporter-output>
          </reporter-output>
        </test-method> <!-- close -->
      </class> <!-- testsuite.heroku -->
    </test> <!-- TestOnChrome -->
    <test started-at="2024-07-09T23:59:10 IST" name="TestOnFirefox" finished-at="2024-07-09T23:59:28 IST" duration-ms="17773">
      <class name="testsuite.heroku">
        <test-method is-config="true" signature="setup(java.lang.String)[pri:0, instance:testsuite.heroku@740cae06]" started-at="2024-07-09T23:59:10 IST" name="setup" finished-at="2024-07-09T23:59:16 IST" duration-ms="5723" status="PASS">
          <params>
            <param index="0">
              <value>
                <![CDATA[firefox]]>
              </value>
            </param>
          </params>
          <reporter-output>
          </reporter-output>
        </test-method> <!-- setup -->
        <test-method signature="login()[pri:0, instance:testsuite.heroku@740cae06]" started-at="2024-07-09T23:59:16 IST" name="login" finished-at="2024-07-09T23:59:27 IST" duration-ms="11039" status="PASS">
          <reporter-output>
          </reporter-output>
        </test-method> <!-- login -->
        <test-method is-config="true" signature="close()[pri:0, instance:testsuite.heroku@740cae06]" started-at="2024-07-09T23:59:27 IST" name="close" finished-at="2024-07-09T23:59:28 IST" duration-ms="1000" status="PASS">
          <reporter-output>
          </reporter-output>
        </test-method> <!-- close -->
      </class> <!-- testsuite.heroku -->
    </test> <!-- TestOnFirefox -->
  </suite> <!-- Suite -->
</testng-results>
